!      ---- Modo de Desenho da Barra ---
BU
!      ---- Tamanho da Fonte das Legendas ---
F 1
!      ---- Cores (Fundo - Identificador - Numero - Valor - Grid - Fluxo Ativo - Fluxo Reativo)---
RF 255 255 255
RI 128 0 128
RN 128 0 128
RV 0 0 255
RG 0 0 0
RA 0 0 255
RR 255 0 0
!      ---- Grupos Base de Tensão ----
!Ten  lar  R   G   B ID
!    ---- Componentes ----
!Numero Tipo Rot Hac Px Py Cor sl SubTp ch1 ch2 ch3 ch4 Descrip
C  1  1 513 0   -400   -352  0  0 -  1  0  0  0 0
C  2  1 769 0   -240   -352  0  0 -  4  0  0  0 0
C  3  1 513 0   -128   -352  0  0 -  5  0  0  0 0
C  4  1 769 0     16   -352  0  0 -  6  0  0  0 0
C  5  1 1281 0    320   -352  0  0 -  2  0  0  0 0
C  6  1 769 0   -240   -128  0  0 -  3  0  0  0 0
C  7  1 769 0    160   -128  0  0 -  7  0  0  0 0
C  8  1 513 0   -448    112  0  0 -  9  0  0  0 0
C  9  1 513 0   -288     80  0  0 -  8  0  0  0 0
C 60  4 1 0   -288    -80  0  0 -  1  3  0  0 0
C 65  5 3 0    368   -224  0  0 -  1  2  0  0 0
C 66  5 1 0   -288    -32  0  0 -  1  3  0  0 0
C 67  4 3 0    368   -288  0  0 -  1  2  0  0 0
C 79  4 1 0   -480   -304  0  0 -  1  1  0  0 0
!      ---- Linhas ----
!Numero Tipo hac sl De Para ch1 nsg segmentos
L10 14 0 0   1   2  1  1 1 
L11 14 0 0   1   2  2  1 2 
L12 14 0 0   2   3  1  1 3 
L13 14 0 0   2   3  2  1 4 
L14 14 0 0   3   4  1  1 5 
L15 14 0 0   3   4  2  1 6 
L17 14 0 0   4   5  1  1 8 
L18 14 0 0   4   5  2  1 9 
L19 14 0 0   5   7  1  1 10 
L20 14 0 0   5   7  2  1 11 
L34 14 0 0   7   6  1  1 14 
L35 14 0 0   7   6  2  1 15 
L39 14 0 0   6   9  1  1 19 
L40 14 0 0   7   9  1  1 20 
L41 14 0 0   9   8  1  1 21 
L42 14 0 0   2   9  1  1 22 
L113 14 0 0   4   6  1  1 46 
L115 14 0 0   7   4  1  1 48 
!     ---- Ligacoes ----
!Numero Flags cor Inic Coni Fin Conf Linhas nqb quebras
U 1 0  0   1   2   2   2  10   0 
U 2 0  0   1   5   2   5  11   0 
U 3 0  0   2   2   3   2  12   0 
U 4 0  0   2   5   3   5  13   0 
U 5 0  0   3   2   4   2  14   0 
U 6 0  0   3   5   4   5  15   0 
U 8 0  0   4   2   5   2  17   0 
U 9 0  0   4   5   5   5  18   0 
U14 0  0   7   4   6   4  34   0 
U15 0  0   7   6   6   6  35   0 
U21 0  0   9   5   8   3  41   0 
U10 0  0   5   9   7   2  19   2     208   -224    208   -112
U11 0  0   5  14   7   8  20   2     256   -144    256    -16
U19 0  0   6   8   9   2  39   2    -192    -16   -192     96
U22 0  0   2   8   9   2  42   2    -352   -240   -352     96
U23 0  0  60   1   6   4  -1   0 
U26 0  0  65   1   5   9  -1   0 
U27 0  0  66   1   6   7  -1   0 
U28 0  0  67   1   5   5  -1   0 
U29 0  0  79   1   1   4  -1   0 
U46 0  0   4   7   6   2 113   2     -64   -256    -64   -112
U48 0  0   7   2   4   7 115   3      96   -112     96   -256     16   -256
U20 0  0   7   8   9   5  40   2     -64    -16    -64    144
!    ---- Posição de Legenda de Componentes ----
!NumCompo Label Rot Px Py
X   1  2  1     0.00     8.00
X  65  1  0    35.25     8.65
X  66  1  1     8.00    -3.00
!     ---- Posição de Legenda de Ligacoes ----
!Lado NumLig Label Px Py
YF  15  2     0.00    14.00
