!      ---- Modo de Desenho da Barra ---
BU
!      ---- Tamanho da Fonte das Legendas ---
F 1
!      ---- Cores (Fundo - Identificador - Numero - Valor - Grid - Fluxo Ativo - Fluxo Reativo)---
RF 255 255 255
RI 128 0 128
RN 128 0 128
RV 0 0 255
RG 0 0 0
RA 0 0 255
RR 255 0 0
!      ---- Grupos Base de Tensão ----
!Ten  lar  R   G   B ID
G 230 2 34 139 34  1
G 500 2 165 42 42  2
G 138 2 189 183 107  3
!    ---- Componentes ----
!Numero Tipo Rot Hac Px Py Cor sl SubTp ch1 ch2 ch3 ch4 Descrip
C  1  1 1025 0     32    -32  1  0 - 839  0  0  0 0
C  3  1 513 0    -96    -32  3  0 - 840  0  0  0 0
C  8  1 769 0     32    192  1  0 - 2458  0  0  0 0
C 17  1 769 0    368    -32  1  0 - 1047  0  0  0 0
C 19  1 513 0    528     64  1  0 - 919  0  0  0 0
C 25  1 769 0    608    -32  1  0 - 934  0  0  0 0
C 28  1 1281 0    784    -64  2  0 - 933  0  0  0 0
C 30  1 513 0    192    240  2  0 - 896  0  0  0 0
C 33  1 513 0    320    240  2  0 - 897  0  0  0 0
C 38  1 513 0    448    240  2  0 - 1060  0  0  0 0
C 46  1 769 0    640    208  2  0 - 856  0  0  0 0
C 49  1 1281 0    448    480  2  0 - 995  0  0  0 0
C 51  1 513 0    304    576  2  0 - 904  0  0  0 0
C 60  1 513 0    912    -32  2  0 - 824  0  0  0 0
C 63  1 257 0   1064    -16  2  0 - 800  0  0  0 0
C 66  1 513 0    992     80  2  0 - 895  0  0  0 0
C 67  1 513 0   1152     96  1  0 - 814  0  0  0 0
C 68  1 770 0    864    288  2  0 - 955  0  0  0 0
C 73  1 770 0   1040    256  2  0 - 959  0  0  0 0
C 76  1 513 0   1136    304  1  0 - 960  0  0  0 0
C 77  1 770 0    976    384  2  0 - 938  0  0  0 0
C 83  1 769 0   1056    432  1  0 - 939  0  0  0 0
C 92  1 769 0    880    576  2  0 - 964  0  0  0 0
C 93  1 769 0    640    432  2  0 - 1030  0  0  0 0
C101  1 513 0   1040    624  1  0 - 965  0  0  0 0
C105  1 769 -1    584    624  2  0 - 976  0  0  0 0
C108  1 513 0    768    672  1  0 - 1210  0  0  0 0
C118  1 513 0    160     32  1  0 - 898  0  0  0 0
C124  1 513 0    304     80  3  0 - 848  0  0  0 0
C128  1 513 0    176    384  2  0 - 808  0  0  0 0
C133  1 513 0    352    384  2  0 - 925  0  0  0 0
C137  1 514 0    768    544  2  0 - 915  0  0  0 0
C147  1 514 0    608    384  2  0 - 810  0  0  0 0
C  5  9 1 0    -32    -16  0  0 -  1 839 840  0 0
C  6  9 1 0    -32     16  0  0 -  2 839 840  0 0
C  7  5 1 0   -144     16  3  0 -  1 840  0  0 0
C 21  9 3 0    448     80  0  0 -  1 1047 919  0 0
C 24  4 0 0    592    160  1  0 -  1 919  0  0 0
C 29  9 3 0    704     32  0  0 -  1 934 933  0 0
C 31  9 3 0    112    304  0  0 -  1 2458 896  0 0
C 32  5 1 0    -24    288  1  0 -  1 2458  0  0 0
C 52  9 1 0    368    608  0  0 -  1 995 904  0 0
C 53  4 1 0    240    624  2  0 -  1 904  0  0 0
C 64  9 5 0    992      0  0  0 -  1 824 800  0 0
C 65  4 3 0   1128      0  2  0 -  1 800  0  0 0
C 71  9 1 0   1064    112  0  0 -  1 814 895  0 0
C 72  9 1 0   1064    144  0  0 -  2 814 895  0 0
C 81  9 1 0   1040    320  0  0 -  1 960 959  0 0
C 82  9 1 0   1040    352  0  0 -  2 960 959  0 0
C 85  5 3 0   1184    336  1  0 -  1 960  0  0 0
C 86  5 3 0   1104    496  1  0 -  1 939  0  0 0
C 87  9 1 0    960    496  0  0 -  1 939 938  0 0
C 89  9 1 0    960    464  0  0 -  2 939 938  0 0
C 90  9 1 0    960    528  0  0 -  3 939 938  0 0
C102  9 1 0    960    640  0  0 -  1 965 964  0 0
C103  9 1 0    960    672  0  0 -  2 965 964  0 0
C104  5 3 0   1088    656  1  0 -  1 965  0  0 0
C109  9 1 0    688    736  0  0 -  1 1210 976  0 0
C112  9 1 0    688    704  0  0 -  2 1210 976  0 0
C113  9 1 0    688    672  0  0 -  3 1210 976  0 0
C114  5 3 0    816    704  1  0 -  1 1210  0  0 0
C116  5 3 0 1191.85 128.536  1  0 -  1 814  0  0 0
C125  9 3 0    224     96  0  0 -  1 898 848  0 0
C126  5 3 0    344    128  3  0 -  1 848  0  0 0
C129  9 0 0    256    400  0  0 -  1 897 808  0 0
C130  4 1 0     96    432  2  0 -  1 808  0  0 0
C134  9 0 0    400    368  0  0 -  1 1060 925  0 0
C135  4 1 0    288    448  2  0 -  1 925  0  0 0
C138  9 3 0    704    480  0  0 -  1 1030 915  0 0
C139  4 0 0    736    592  2  0 -  1 915  0  0 0
C148  9 0 0    576    320  0  0 -  1 856 810  0 0
C149  4 0 0    576    448  2  0 -  1 810  0  0 0
C150  5 3 0 649.23 0.866581  1  0 -  1 934  0  0 0
!      ---- Linhas ----
!Numero Tipo hac sl De Para ch1 nsg segmentos
L 9 14 0 0   1   8  1  1 7 
L10 14 0 0   1   8  2  1 8 
L18 14 0 0   1  17  1  1 13 
L26 14 0 0  25  17  1  1 22 
L27 14 0 0  25  17  2  1 23 
L34 14 0 0  30  33  1  1 29 
L39 14 0 0  38  33  1  1 33 
L47 14 0 0  46  38  1  1 37 
L48 14 0 0  46  28  1  1 38 
L50 14 0 0  49  38  1  1 39 
L61 14 0 0  60  28  1  1 49 
L62 14 0 0  60  28  2  1 50 
L69 14 0 0  28  66  1  1 54 
L70 14 0 0  28  68  1  1 55 
L74 14 0 0  28  73  1  1 60 
L75 14 0 0  73  66  1  1 61 
L78 14 0 0  77  68  1  1 62 
L79 14 0 0  77  73  1  1 63 
L94 14 0 0  68  92  1  1 81 
L95 14 0 0  93  68  1  1 82 
L96 14 0 0  49  93  1  1 83 
L110 14 0 0 105  49  1  1 97 
L111 14 0 0  92 105  1  1 98 
L119 14 0 0   1 118  1  1 106 
L122 14 0 0 118  17  1  1 110 
L144 14 0 0  49  92  1  1 126 
!     ---- Ligacoes ----
!Numero Flags cor Inic Coni Fin Conf Linhas nqb quebras
U 2 0  1   5   1   1   2  -1   0 
U 3 0  3   5   2   3   2  -1   0 
U 4 0  1   6   1   1   4  -1   0 
U 5 0  3   6   2   3   4  -1   0 
U 6 0  3   7   1   3   4  -1   0 
U 7 0  1   1  10   8   3   9   2      80    112     80    224
U 8 0  1   1   8   8   5  10   2     112     80    112    256
U13 0  1   1   2  17   2  18   0 
U16 0  1  21   1  17   8  -1   0 
U15 0  1  21   2  19   2  -1   0 
U21 0  1  24   1  19   4  -1   1     592    112
U22 0  1  25   5  17   5  26   0 
U23 0  1  25   3  17   3  27   0 
U25 0  1  29   1  25   5  -1   0 
U24 0  2  29   2  28   7  -1   0 
U27 0  1  31   1   8   8  -1   0 
U26 0  2  31   2  30   5  -1   0 
U28 0  1  32   1   8   7  -1   0 
U29 0  2  30   3  33   3  34   0 
U33 0  2  38   2  33   2  39   0 
U37 0  2  46   4  38   2  47   0 
U38 0  2  46   3  28  10  48   2     736    240    736     80
U39 0  2  49   3  38   5  50   2     416    512    416    304
U40 0  2  52   1  49   9  -1   0 
U41 0  2  52   2  51   3  -1   0 
U42 0  2  53   1  51   4  -1   0 
U49 0  2  60   2  28   4  61   0 
U50 0  2  60   4  28   6  62   0 
U52 0  2  64   2  63   2  -1   0 
U51 0  2  64   1  60   3  -1   0 
U53 0  2  65   1  63   2  -1   0 
U54 0  2  28  11  66   2  69   0 
U55 0  2  28  15  68   2  70   1     848    160
U56 0  1  71   1  67   2  -1   0 
U57 0  2  71   2  66   3  -1   0 
U58 0  1  72   1  67   4  -1   0 
U59 0  2  72   2  66   5  -1   0 
U60 0  2  28  13  73   8  74   3     864    128    864    128    928    128
U61 0  2  73   5  66   5  75   1     976    144
U62 0  2  77   7  68   2  78   2     880    320    848    320
U63 0  2  77   5  73   7  79   2     912    320    944    320
U66 0  1  81   1  76   2  -1   0 
U67 0  2  81   2  73   3  -1   2    1024    320   1008    320
U68 0  1  82   1  76   4  -1   0 
U69 0  2  82   2  73   5  -1   1     976    352
U71 0  1  85   1  76   3  -1   0 
U72 0  1  86   1  83   5  -1   0 
U73 0  1  87   1  83   5  -1   0 
U74 0  2  87   2  77   5  -1   1     912    496
U77 0  1  89   1  83   3  -1   0 
U78 0  2  89   2  77   3  -1   0 
U79 0  1  90   1  83   7  -1   0 
U80 0  2  90   2  77   7  -1   1     880    528
U81 0  2  68   4  92   2  94   1     816    592
U82 0  2  93   2  68   8  95   1     752    448
U83 0  2  49   5  93   8  96   2     616    544    592    544
U88 0  1 102   1 101   2  -1   0 
U89 0  2 102   2  92   5  -1   0 
U90 0  1 103   1 101   4  -1   0 
U91 0  2 103   2  92   7  -1   0 
U92 0  1 104   1 101   3  -1   0 
U95 0  1 109   1 108   5  -1   0 
U96 0  2 109   2 105   8  -1   0 
U97 0  2 105   2  49  11 110   2     560    640    552    640
U98 0  2  92   5 105   2 111   2     672    640    680    640
U99 0  1 112   1 108   3  -1   0 
U100 0  2 112   2 105   6  -1   0 
U101 0  1 113   1 108   1  -1   0 
U102 0  2 113   2 105   4  -1   0 
U103 0  1 114   1 108   3  -1   0 
U104 0  1 116   1  67   3  -1   0 
U106 0  1   1   6 118   2 119   0 
U110 0  1 118   2  17   4 122   2     235     48    235     16
U114 0  1 125   1 118   5  -1   0 
U113 0  3 125   2 124   2  -1   0 
U115 0  3 126   1 124   4  -1   0 
U116 0  2 129   1  33   5  -1   1     256    304
U117 0  2 129   2 128   3  -1   0 
U118 0  2 130   1 128   4  -1   0 
U119 0  2 134   1  38   4  -1   1     400    288
U120 0  2 134   2 133   3  -1   1     400    416
U121 0  2 135   1 133   5  -1   0 
U123 0  2 138   1  93   4  -1   0 
U122 0  2 138   2 137   3  -1   1     736    480
U124 0  2 139   1 137   3  -1   0 
U126 0  2  49   8  92   4 144   2     688    592    688    624
U131 0  2 148   1  46   6  -1   1     576    288
U132 0  2 148   2 147   3  -1   0 
U133 0  2 149   1 147   3  -1   0 
U134 0  1 150   1  25   3  -1   0 
!    ---- Posição de Legenda de Componentes ----
!NumCompo Label Rot Px Py
X   1  0  1   -19.40   -20.03
X   1  1  1    -8.76    -8.64
X   1  2  1   -30.35    11.58
X   3  0  1   -28.91   -18.51
X   3  1  1   -11.44    -7.88
X   3  2  1   -13.68    13.93
X   8  0  1   -26.24   -19.91
X   8  1  1    -8.76    -5.48
X   8  2  1   -19.86    14.63
X  17  0  1   -25.67   -20.03
X  17  1  1   -11.24    -7.88
X  17  2  1   -16.51    10.35
X  19  0  1   -64.53   -18.22
X  19  1  1    -9.07    -5.30
X  19  2  1   -32.94    14.06
X  25  2  1   -19.69    14.07
X  28  0  1   -44.64    -4.38
X  28  1  1   -33.37     9.71
X  28  2  1   -25.81    15.51
X  30  0  1   -28.21   -20.05
X  30  1  1   -10.74    -7.89
X  30  2  1   -22.03    12.75
X  33  0  1   -20.22   -20.05
X  33  1  1    -9.58    -7.13
X  33  2  1   -16.47    12.13
X  38  0  1   -35.43   -20.24
X  38  1  1   -15.68    -6.56
X  38  2  1     1.89    10.51
X  46  0  1   -14.14   -21.23
X  46  1  1    -8.86    -8.05
X  46  2  1   -22.14    15.26
X  49  0  1   -26.94   -19.84
X  49  1  1   -23.52    -3.26
X  49  2  1   -18.79    12.07
X  51  0  1   -44.22   -20.00
X  51  1  1   -31.55    -5.63
X  51  2  1   -21.40    13.47
X  60  0  1    -8.30   -20.52
X  60  1  1    -3.03    -7.34
X  60  2  1   -22.72    11.94
X  63  0  1   -11.53   -20.71
X  63  1  1    -5.38    -6.65
X  63  2  1   -17.77    12.25
X  66  0  1   -17.96   -20.69
X  66  1  1    -7.82    -7.18
X  66  2  1   -13.98    11.14
X  67  0  1   -18.23   -21.12
X  67  1  1   -12.08    -7.94
X  67  2  1   -18.35    13.57
X  68  0  2   -31.06   -20.51
X  68  1  2   -17.88    -6.45
X  68  2  2   -35.07     3.72
X  73  0  2    87.62   -23.80
X  73  1  2    96.00    -9.10
X  73  2  2   -46.62     8.34
X  76  0  1   -18.43   -20.10
X  76  1  1    -9.98    -8.28
X  76  2  1   -16.53    11.74
X  77  0  2    83.03   -16.10
X  77  1  2    96.00    -4.17
X  77  2  2   -25.55    18.24
X  83  0  1   -18.75   -20.43
X  83  1  1   -11.99    -7.75
X  83  2  1   -17.73    14.01
X  92  0  1   -27.44   -19.76
X  92  1  1   -16.02    -6.58
X  92  2  1   -20.15    13.20
X  93  0  1   -13.77   -20.52
X  93  1  1   -11.94    -7.71
X  93  2  1   -33.28    13.84
X 101  0  1   -26.59   -17.73
X 101  1  1   -10.63    -5.57
X 101  2  1   -22.18    10.93
X 105  0  1   -24.33   -17.80
X 105  1  1   -20.95    -5.98
X 105  2  1   -20.77    10.69
X 108  0  1   -20.56   -20.93
X 108  1  1    15.37    -7.80
X 108  2  1   -19.53    12.97
X 118  0  1   -37.60   -20.06
X 118  1  1    -4.57    -4.26
X 118  2  1   -22.87    11.96
X 124  0  1   -29.29   -18.07
X 124  1  1   -10.30    -7.44
X 124  2  1   -24.29    12.06
X 128  0  1   -88.90   -13.68
X 128  1  1   -58.97     2.32
X 128  2  1   -20.63    18.32
X 133  0  1   -80.04    -6.74
X 133  1  1   -39.00    10.62
X 133  2  1   -23.06    13.49
X 137  0  2    52.83    -4.60
X 137  1  2    86.26     8.31
X 137  2  2   -19.18    18.29
X 147  0  2    73.04    -5.67
X 147  1  2    84.43     7.25
X 147  2  2   -35.61     7.25
X   7  1  1     3.89    -5.54
X   7  2  1     2.37    12.69
X  24  1  0    -7.39   -28.55
X  32  1  1     9.04    -5.69
X  53  1  1    20.06    -6.92
X  53  2  1    19.30    11.31
X  65  2  3   -18.76    13.11
X  81  0  1     1.21    18.86
X  82  0  1    -4.00    24.00
X  85  1  3     0.27    -6.82
X  85  2  3     1.03    11.42
X  86  1  3     7.16    -9.25
X 102  0  1     2.14    17.70
X 104  1  3     3.09    -7.50
X 113  0  1    -2.38    19.42
X 114  1  3    18.19    -5.64
X 116  1  3     6.09    -6.00
X 116  2  3     4.54    14.38
X 126  1  3    -4.81    -6.75
X 134  0  0   -47.40     0.49
X 139  1  0    44.92   -22.93
X 139  2  0    14.71    -6.98
X 148  0  0   -47.90     0.63
X 149  1  0    -4.20   -21.01
X 149  2  0     5.28   -22.53
X 150  1  3    -4.78    -6.50
!     ---- Posição de Legenda de Ligacoes ----
!Lado NumLig Label Px Py
YI   7  1     9.19    -3.67
YI   7  2    -1.44    10.77
YF   7  1     0.00    -6.00
YF   8  1     0.00    -6.00
YI  29  1    -4.51    -5.69
YF  29  1     5.75    -5.01
YF  33  1    -6.98    -6.05
YF  33  2    -7.52    13.73
YF  37  1    -6.81    -5.37
YF  37  2   -10.74    14.49
YF  38  1   -17.39    -5.89
YI  39  1   -31.70    -5.49
YI  39  2   -26.20     5.90
YF  39  1    25.69    40.94
YF  39  2    24.93    53.10
YI  49  1     3.30    -5.77
YF  49  1    -3.90    -5.77
YI  50  1     3.30    -7.03
YF  50  1    -5.82    -6.39
YF  52  1     7.55    -5.76
YF  51  1    -4.46    -5.12
YI  55  1     5.31    -7.24
YF  58  1    -1.62    -8.53
YF  61  1   -17.86     2.83
YF  61  2   -23.18    14.98
YF  62  1     0.00    -6.00
YF  62  2    14.75    21.41
YF  83  1   -13.60    -6.53
YF  95  2     1.54    10.58
YF  96  2    -1.02    10.58
YI  97  1     0.00    -6.00
YI  98  1     6.98    13.14
YI  98  2     8.50    23.01
YF  98  2     3.06    10.86
YF  99  2     0.02    10.68
YF 100  2    -1.02    10.68
YF 101  2    -2.25    10.77
YF 102  2    -1.02    11.53
YI 106  2    -3.80    11.71
YF 119  1   -46.89     5.28
YF 119  2   -44.42    16.68
YF 120  1     2.55    -6.38
YF 123  1     7.50   -10.72
YF 126  2     1.95    10.90
YF 131  1     1.12    16.68
YF 131  2     3.58    28.83
YF 132  1     7.01   -12.21
